#
# There is insufficient memory for the Java Runtime Environment to continue.
# Native memory allocation (malloc) failed to allocate 1173616 bytes for Chunk::new
# Possible reasons:
#   The system is out of physical RAM or swap space
#   The process is running with CompressedOops enabled, and the Java Heap may be blocking the growth of the native heap
# Possible solutions:
#   Reduce memory load on the system
#   Increase physical memory or swap space
#   Check if swap backing store is full
#   Decrease Java heap size (-Xmx/-Xms)
#   Decrease number of Java threads
#   Decrease Java thread stack sizes (-Xss)
#   Set larger code cache with -XX:ReservedCodeCacheSize=
#   JVM is running with Zero Based Compressed Oops mode in which the Java heap is
#     placed in the first 32GB address space. The Java Heap base address is the
#     maximum limit for the native heap growth. Please use -XX:HeapBaseMinAddress
#     to set the Java Heap base and to place the Java Heap above 32GB virtual address.
# This output file may be truncated or incomplete.
#
#  Out of Memory Error (allocation.cpp:389), pid=20632, tid=0x0000000000007120
#
# JRE version: OpenJDK Runtime Environment (8.0_482-b08) (build 1.8.0_482-b08)
# Java VM: OpenJDK 64-Bit Server VM (25.482-b08 mixed mode windows-amd64 compressed oops)
# Failed to write core dump. Minidumps are not enabled by default on client versions of Windows
#

---------------  T H R E A D  ---------------

Current thread (0x000002174e500800):  JavaThread "C2 CompilerThread6" daemon [_thread_in_native, id=28960, stack(0x000000843f600000,0x000000843f700000)]

Stack: [0x000000843f600000,0x000000843f700000]
[error occurred during error reporting (printing stack bounds), id 0xc0000005]

Native frames: (J=compiled Java code, j=interpreted, Vv=VM code, C=native code)


Current CompileTask:
C2:   3428 4329   !   4       org.codehaus.plexus.interpolation.StringSearchInterpolator::interpolate (692 bytes)


---------------  P R O C E S S  ---------------

Java Threads: ( => current thread )
  0x0000021751198800 JavaThread "Thread-2" daemon [_thread_blocked, id=18392, stack(0x000000843fe00000,0x000000843ff00000)]
  0x000002174e5a8800 JavaThread "Service Thread" daemon [_thread_blocked, id=48292, stack(0x000000843fc00000,0x000000843fd00000)]
  0x000002174e509000 JavaThread "C1 CompilerThread11" daemon [_thread_blocked, id=29560, stack(0x000000843fb00000,0x000000843fc00000)]
  0x000002174e508000 JavaThread "C1 CompilerThread10" daemon [_thread_blocked, id=21340, stack(0x000000843fa00000,0x000000843fb00000)]
  0x000002174e507800 JavaThread "C1 CompilerThread9" daemon [_thread_blocked, id=10820, stack(0x000000843f900000,0x000000843fa00000)]
  0x000002174e506800 JavaThread "C1 CompilerThread8" daemon [_thread_blocked, id=27752, stack(0x000000843f800000,0x000000843f900000)]
  0x000002174e505800 JavaThread "C2 CompilerThread7" daemon [_thread_blocked, id=44412, stack(0x000000843f700000,0x000000843f800000)]
=>0x000002174e500800 JavaThread "C2 CompilerThread6" daemon [_thread_in_native, id=28960, stack(0x000000843f600000,0x000000843f700000)]
  0x000002174e500000 JavaThread "C2 CompilerThread5" daemon [_thread_blocked, id=7068, stack(0x000000843f500000,0x000000843f600000)]
  0x000002174e4fa000 JavaThread "C2 CompilerThread4" daemon [_thread_blocked, id=31100, stack(0x000000843f400000,0x000000843f500000)]
  0x000002174e4f9000 JavaThread "C2 CompilerThread3" daemon [_thread_blocked, id=10036, stack(0x000000843f300000,0x000000843f400000)]
  0x000002174e4f8000 JavaThread "C2 CompilerThread2" daemon [_thread_blocked, id=30052, stack(0x000000843f200000,0x000000843f300000)]
  0x000002174e4f3800 JavaThread "C2 CompilerThread1" daemon [_thread_blocked, id=49936, stack(0x000000843f100000,0x000000843f200000)]
  0x000002174e4f7800 JavaThread "C2 CompilerThread0" daemon [_thread_blocked, id=14944, stack(0x000000843f000000,0x000000843f100000)]
  0x000002174e4d6000 JavaThread "Attach Listener" daemon [_thread_blocked, id=40656, stack(0x000000843ef00000,0x000000843f000000)]
  0x000002174e4ec000 JavaThread "Signal Dispatcher" daemon [_thread_blocked, id=12596, stack(0x000000843ee00000,0x000000843ef00000)]
  0x0000021731898000 JavaThread "Finalizer" daemon [_thread_blocked, id=33132, stack(0x000000843ed00000,0x000000843ee00000)]
  0x000002174e464000 JavaThread "Reference Handler" daemon [_thread_blocked, id=49604, stack(0x000000843ec00000,0x000000843ed00000)]
  0x00000217317ff800 JavaThread "main" [_thread_in_vm, id=43036, stack(0x000000843db00000,0x000000843dc00000)]

Other Threads:
  0x000002174e443800 VMThread [stack: 0x000000843eb00000,0x000000843ec00000] [id=49204]
  0x000002174e5a9800 WatcherThread [stack: 0x000000843fd00000,0x000000843fe00000] [id=24632]

VM state:not at safepoint (normal execution)

VM Mutex/Monitor currently owned by a thread: None

heap address: 0x00000006c5a00000, size: 4006 MB, Compressed Oops mode: Zero based, Oop shift amount: 3
Narrow klass base: 0x0000000000000000, Narrow klass shift: 3
Compressed class space size: 1073741824 Address: 0x00000007c0000000

Heap:
 PSYoungGen      total 139776K, used 71002K [0x000000076c900000, 0x0000000775c00000, 0x00000007c0000000)
  eden space 129024K, 55% used [0x000000076c900000,0x0000000770e569a0,0x0000000774700000)
  from space 10752K, 0% used [0x0000000774700000,0x0000000774700000,0x0000000775180000)
  to   space 10752K, 0% used [0x0000000775180000,0x0000000775180000,0x0000000775c00000)
 ParOldGen       total 101376K, used 9483K [0x00000006c5a00000, 0x00000006cbd00000, 0x000000076c900000)
  object space 101376K, 9% used [0x00000006c5a00000,0x00000006c6342fa0,0x00000006cbd00000)
 Metaspace       used 27090K, capacity 27964K, committed 28288K, reserved 1073152K
  class space    used 3339K, capacity 3593K, committed 3712K, reserved 1048576K

Card table byte_map: [0x00000217425b0000,0x0000021742d90000] byte_map_base: 0x000002173ef83000

Marking Bits: (ParMarkBitMap*) 0x000000006a742900
 Begin Bits: [0x00000217432d0000, 0x0000021747168000)
 End Bits:   [0x0000021747168000, 0x000002174b000000)

Polling page: 0x0000021731750000

CodeCache: size=245760Kb used=16650Kb max_used=16650Kb free=229109Kb
 bounds [0x00000217331f0000, 0x0000021734240000, 0x00000217421f0000]
 total_blobs=4998 nmethods=4536 adapters=371
 compilation: enabled

Compilation events (10 events):
Event: 3.418 Thread 0x000002174e508000 4547       3       sun.nio.ch.ChannelInputStream::<init> (25 bytes)
Event: 3.418 Thread 0x000002174e509000 4548       3       java.nio.DirectByteBuffer::get (126 bytes)
Event: 3.418 Thread 0x000002174e508000 nmethod 4547 0x000002173422c610 code [0x000002173422c780, 0x000002173422c9f8]
Event: 3.418 Thread 0x000002174e506800 nmethod 4546 0x000002173422c010 code [0x000002173422c1a0, 0x000002173422c4b0]
Event: 3.418 Thread 0x000002174e507800 nmethod 4549 0x000002173422ba10 code [0x000002173422bb80, 0x000002173422bef0]
Event: 3.418 Thread 0x000002174e509000 nmethod 4548 0x000002173422add0 code [0x000002173422afa0, 0x000002173422b710]
Event: 3.425 Thread 0x000002174e508000 4550       1       org.eclipse.aether.resolution.ArtifactRequest::getDependencyNode (5 bytes)
Event: 3.425 Thread 0x000002174e508000 nmethod 4550 0x000002173422ab10 code [0x000002173422ac60, 0x000002173422ad78]
Event: 3.425 Thread 0x000002174e508000 4551       1       org.apache.maven.artifact.versioning.VersionRange::getRecommendedVersion (5 bytes)
Event: 3.425 Thread 0x000002174e508000 nmethod 4551 0x000002173422a850 code [0x000002173422a9a0, 0x000002173422aab8]

GC Heap History (8 events):
Event: 0.787 GC heap before
{Heap before GC invocations=1 (full 0):
 PSYoungGen      total 75264K, used 64512K [0x000000076c900000, 0x0000000771d00000, 0x00000007c0000000)
  eden space 64512K, 100% used [0x000000076c900000,0x0000000770800000,0x0000000770800000)
  from space 10752K, 0% used [0x0000000771280000,0x0000000771280000,0x0000000771d00000)
  to   space 10752K, 0% used [0x0000000770800000,0x0000000770800000,0x0000000771280000)
 ParOldGen       total 172032K, used 0K [0x00000006c5a00000, 0x00000006d0200000, 0x000000076c900000)
  object space 172032K, 0% used [0x00000006c5a00000,0x00000006c5a00000,0x00000006d0200000)
 Metaspace       used 12343K, capacity 12688K, committed 12928K, reserved 1060864K
  class space    used 1514K, capacity 1644K, committed 1664K, reserved 1048576K
Event: 0.798 GC heap after
Heap after GC invocations=1 (full 0):
 PSYoungGen      total 75264K, used 10249K [0x000000076c900000, 0x0000000775c00000, 0x00000007c0000000)
  eden space 64512K, 0% used [0x000000076c900000,0x000000076c900000,0x0000000770800000)
  from space 10752K, 95% used [0x0000000770800000,0x0000000771202518,0x0000000771280000)
  to   space 10752K, 0% used [0x0000000775180000,0x0000000775180000,0x0000000775c00000)
 ParOldGen       total 172032K, used 16K [0x00000006c5a00000, 0x00000006d0200000, 0x000000076c900000)
  object space 172032K, 0% used [0x00000006c5a00000,0x00000006c5a04000,0x00000006d0200000)
 Metaspace       used 12343K, capacity 12688K, committed 12928K, reserved 1060864K
  class space    used 1514K, capacity 1644K, committed 1664K, reserved 1048576K
}
Event: 1.604 GC heap before
{Heap before GC invocations=2 (full 0):
 PSYoungGen      total 75264K, used 74761K [0x000000076c900000, 0x0000000775c00000, 0x00000007c0000000)
  eden space 64512K, 100% used [0x000000076c900000,0x0000000770800000,0x0000000770800000)
  from space 10752K, 95% used [0x0000000770800000,0x0000000771202518,0x0000000771280000)
  to   space 10752K, 0% used [0x0000000775180000,0x0000000775180000,0x0000000775c00000)
 ParOldGen       total 172032K, used 16K [0x00000006c5a00000, 0x00000006d0200000, 0x000000076c900000)
  object space 172032K, 0% used [0x00000006c5a00000,0x00000006c5a04000,0x00000006d0200000)
 Metaspace       used 19050K, capacity 19696K, committed 19840K, reserved 1067008K
  class space    used 2369K, capacity 2572K, committed 2688K, reserved 1048576K
Event: 1.616 GC heap after
Heap after GC invocations=2 (full 0):
 PSYoungGen      total 139776K, used 10736K [0x000000076c900000, 0x0000000775c00000, 0x00000007c0000000)
  eden space 129024K, 0% used [0x000000076c900000,0x000000076c900000,0x0000000774700000)
  from space 10752K, 99% used [0x0000000775180000,0x0000000775bfc3e0,0x0000000775c00000)
  to   space 10752K, 0% used [0x0000000774700000,0x0000000774700000,0x0000000775180000)
 ParOldGen       total 172032K, used 2220K [0x00000006c5a00000, 0x00000006d0200000, 0x000000076c900000)
  object space 172032K, 1% used [0x00000006c5a00000,0x00000006c5c2b290,0x00000006d0200000)
 Metaspace       used 19050K, capacity 19696K, committed 19840K, reserved 1067008K
  class space    used 2369K, capacity 2572K, committed 2688K, reserved 1048576K
}
Event: 1.739 GC heap before
{Heap before GC invocations=3 (full 0):
 PSYoungGen      total 139776K, used 23354K [0x000000076c900000, 0x0000000775c00000, 0x00000007c0000000)
  eden space 129024K, 9% used [0x000000076c900000,0x000000076d552690,0x0000000774700000)
  from space 10752K, 99% used [0x0000000775180000,0x0000000775bfc3e0,0x0000000775c00000)
  to   space 10752K, 0% used [0x0000000774700000,0x0000000774700000,0x0000000775180000)
 ParOldGen       total 172032K, used 2220K [0x00000006c5a00000, 0x00000006d0200000, 0x000000076c900000)
  object space 172032K, 1% used [0x00000006c5a00000,0x00000006c5c2b290,0x00000006d0200000)
 Metaspace       used 20483K, capacity 21200K, committed 21248K, reserved 1067008K
  class space    used 2532K, capacity 2786K, committed 2816K, reserved 1048576K
Event: 1.745 GC heap after
Heap after GC invocations=3 (full 0):
 PSYoungGen      total 139776K, used 9840K [0x000000076c900000, 0x0000000775c00000, 0x00000007c0000000)
  eden space 129024K, 0% used [0x000000076c900000,0x000000076c900000,0x0000000774700000)
  from space 10752K, 91% used [0x0000000774700000,0x000000077509c220,0x0000000775180000)
  to   space 10752K, 0% used [0x0000000775180000,0x0000000775180000,0x0000000775c00000)
 ParOldGen       total 172032K, used 2236K [0x00000006c5a00000, 0x00000006d0200000, 0x000000076c900000)
  object space 172032K, 1% used [0x00000006c5a00000,0x00000006c5c2f290,0x00000006d0200000)
 Metaspace       used 20483K, capacity 21200K, committed 21248K, reserved 1067008K
  class space    used 2532K, capacity 2786K, committed 2816K, reserved 1048576K
}
Event: 1.745 GC heap before
{Heap before GC invocations=4 (full 1):
 PSYoungGen      total 139776K, used 9840K [0x000000076c900000, 0x0000000775c00000, 0x00000007c0000000)
  eden space 129024K, 0% used [0x000000076c900000,0x000000076c900000,0x0000000774700000)
  from space 10752K, 91% used [0x0000000774700000,0x000000077509c220,0x0000000775180000)
  to   space 10752K, 0% used [0x0000000775180000,0x0000000775180000,0x0000000775c00000)
 ParOldGen       total 172032K, used 2236K [0x00000006c5a00000, 0x00000006d0200000, 0x000000076c900000)
  object space 172032K, 1% used [0x00000006c5a00000,0x00000006c5c2f290,0x00000006d0200000)
 Metaspace       used 20483K, capacity 21200K, committed 21248K, reserved 1067008K
  class space    used 2532K, capacity 2786K, committed 2816K, reserved 1048576K
Event: 1.772 GC heap after
Heap after GC invocations=4 (full 1):
 PSYoungGen      total 139776K, used 0K [0x000000076c900000, 0x0000000775c00000, 0x00000007c0000000)
  eden space 129024K, 0% used [0x000000076c900000,0x000000076c900000,0x0000000774700000)
  from space 10752K, 0% used [0x0000000774700000,0x0000000774700000,0x0000000775180000)
  to   space 10752K, 0% used [0x0000000775180000,0x0000000775180000,0x0000000775c00000)
 ParOldGen       total 101376K, used 9483K [0x00000006c5a00000, 0x00000006cbd00000, 0x000000076c900000)
  object space 101376K, 9% used [0x00000006c5a00000,0x00000006c6342fa0,0x00000006cbd00000)
 Metaspace       used 20455K, capacity 21140K, committed 21248K, reserved 1067008K
  class space    used 2521K, capacity 2768K, committed 2816K, reserved 1048576K
}

Deoptimization events (10 events):
Event: 3.057 Thread 0x00000217317ff800 Uncommon trap: reason=unstable_if action=reinterpret pc=0x000002173405bd2c method=java.util.HashMap.hash(Ljava/lang/Object;)I @ 1
Event: 3.063 Thread 0x00000217317ff800 Uncommon trap: reason=unstable_if action=reinterpret pc=0x0000021733dc05e4 method=java.util.HashMap$HashIterator.<init>(Ljava/util/HashMap;)V @ 45
Event: 3.063 Thread 0x00000217317ff800 Uncommon trap: reason=unstable_if action=reinterpret pc=0x0000021733dc0e98 method=java.util.HashMap$HashIterator.<init>(Ljava/util/HashMap;)V @ 45
Event: 3.097 Thread 0x00000217317ff800 Uncommon trap: reason=null_check action=make_not_entrant pc=0x000002173409d4b4 method=org.apache.maven.model.io.xpp3.MavenXpp3Reader.checkFieldWithDuplicate(Lorg/codehaus/plexus/util/xml/pull/XmlPullParser;Ljava/lang/String;Ljava/lang/String;Ljava/util/Se
Event: 3.137 Thread 0x00000217317ff800 Uncommon trap: reason=unstable_if action=reinterpret pc=0x0000021733d1f898 method=java.util.concurrent.ConcurrentHashMap.get(Ljava/lang/Object;)Ljava/lang/Object; @ 76
Event: 3.210 Thread 0x00000217317ff800 Uncommon trap: reason=unstable_if action=reinterpret pc=0x000002173414519c method=org.codehaus.plexus.util.xml.pull.MXParser.parseAttribute()C @ 786
Event: 3.271 Thread 0x00000217317ff800 Uncommon trap: reason=unstable_if action=reinterpret pc=0x0000021733bf3540 method=org.codehaus.plexus.util.xml.pull.MXParser.isS(C)Z @ 21
Event: 3.349 Thread 0x00000217317ff800 Uncommon trap: reason=unstable_if action=reinterpret pc=0x0000021734176ae0 method=java.util.HashMap.getNode(ILjava/lang/Object;)Ljava/util/HashMap$Node; @ 53
Event: 3.349 Thread 0x00000217317ff800 Uncommon trap: reason=unstable_if action=reinterpret pc=0x00000217338b45e8 method=java.util.HashMap.hash(Ljava/lang/Object;)I @ 1
Event: 3.349 Thread 0x00000217317ff800 Uncommon trap: reason=unstable_if action=reinterpret pc=0x0000021733880208 method=java.util.HashMap.getNode(ILjava/lang/Object;)Ljava/util/HashMap$Node; @ 53

Classes redefined (0 events):
No events

Internal exceptions (10 events):
Event: 2.990 Thread 0x00000217317ff800 Exception <a 'sun/nio/fs/WindowsException'> (0x000000076e87e498) thrown at [C:\wsjdk\Corretto8Src\installers\windows\zip\corretto-build\buildRoot\hotspot\src\share\vm\prims\jni.cpp, line 712]
Event: 2.990 Thread 0x00000217317ff800 Exception <a 'sun/nio/fs/WindowsException'> (0x000000076e88c550) thrown at [C:\wsjdk\Corretto8Src\installers\windows\zip\corretto-build\buildRoot\hotspot\src\share\vm\prims\jni.cpp, line 712]
Event: 2.991 Thread 0x00000217317ff800 Exception <a 'sun/nio/fs/WindowsException'> (0x000000076e89adb0) thrown at [C:\wsjdk\Corretto8Src\installers\windows\zip\corretto-build\buildRoot\hotspot\src\share\vm\prims\jni.cpp, line 712]
Event: 3.057 Thread 0x00000217317ff800 Implicit null exception at 0x0000021733d15a8c to 0x0000021733d15d31
Event: 3.057 Thread 0x00000217317ff800 Implicit null exception at 0x0000021733c206a3 to 0x0000021733c20791
Event: 3.057 Thread 0x00000217317ff800 Implicit null exception at 0x0000021733893255 to 0x0000021733893451
Event: 3.057 Thread 0x00000217317ff800 Implicit null exception at 0x000002173405b6fb to 0x000002173405bd19
Event: 3.062 Thread 0x00000217317ff800 Exception <a 'java/lang/NoSuchMethodError': java.lang.Object.lambda$and$0(Ljava/util/function/Predicate;Ljava/lang/Object;)Z> (0x000000076f085d38) thrown at [C:\wsjdk\Corretto8Src\installers\windows\zip\corretto-build\buildRoot\hotspot\src\share\vm\interp
Event: 3.097 Thread 0x00000217317ff800 Implicit null exception at 0x000002173409c0e1 to 0x000002173409d4a5
Event: 3.349 Thread 0x00000217317ff800 Implicit null exception at 0x00000217338b456f to 0x00000217338b45d9

Events (10 events):
Event: 3.349 Thread 0x00000217317ff800 DEOPT PACKING pc=0x0000021733880208 sp=0x000000843dbfd3d0
Event: 3.349 Thread 0x00000217317ff800 DEOPT UNPACKING pc=0x0000021733235583 sp=0x000000843dbfd360 mode 2
Event: 3.354 loading class org/eclipse/aether/internal/impl/ArtifactRequestBuilder
Event: 3.354 loading class org/eclipse/aether/internal/impl/ArtifactRequestBuilder done
Event: 3.354 loading class org/eclipse/aether/util/graph/visitor/FilteringDependencyVisitor
Event: 3.354 loading class org/eclipse/aether/util/graph/visitor/FilteringDependencyVisitor done
Event: 3.354 loading class org/eclipse/aether/util/graph/visitor/Stack
Event: 3.354 loading class org/eclipse/aether/util/graph/visitor/Stack done
Event: 3.355 loading class org/eclipse/aether/util/graph/visitor/TreeDependencyVisitor
Event: 3.355 loading class org/eclipse/aether/util/graph/visitor/TreeDependencyVisitor done


Dynamic libraries:
0x00007ff7b1ca0000 - 0x00007ff7b1ce8000 	C:\Users\qi.yang\dev\corretto-extract\jdk1.8.0_482\bin\java.exe
0x00007fff23670000 - 0x00007fff23868000 	C:\windows\SYSTEM32\ntdll.dll
0x00007fff23560000 - 0x00007fff23622000 	C:\windows\System32\KERNEL32.DLL
0x00007fff21390000 - 0x00007fff21686000 	C:\windows\System32\KERNELBASE.dll
0x00007fff14c60000 - 0x00007fff14c84000 	C:\windows\System32\ghijt64win10.dll
0x00007fff234a0000 - 0x00007fff23551000 	C:\windows\System32\ADVAPI32.dll
0x00007fff22eb0000 - 0x00007fff22f4e000 	C:\windows\System32\msvcrt.dll
0x00007fff22ff0000 - 0x00007fff2308f000 	C:\windows\System32\sechost.dll
0x00007fff218d0000 - 0x00007fff219f0000 	C:\windows\System32\RPCRT4.dll
0x00007fff20db0000 - 0x00007fff20dd7000 	C:\windows\System32\bcrypt.dll
0x00007fff22470000 - 0x00007fff22611000 	C:\windows\System32\USER32.dll
0x00007fff210b0000 - 0x00007fff210d2000 	C:\windows\System32\win32u.dll
0x00007fff21b00000 - 0x00007fff21b2b000 	C:\windows\System32\GDI32.dll
0x00007fff20e30000 - 0x00007fff20f49000 	C:\windows\System32\gdi32full.dll
0x00007fff212f0000 - 0x00007fff2138d000 	C:\windows\System32\msvcp_win.dll
0x00007fff211f0000 - 0x00007fff212f0000 	C:\windows\System32\ucrtbase.dll
0x00007fff09720000 - 0x00007fff099bb000 	C:\windows\WinSxS\amd64_microsoft.windows.common-controls_6595b64144ccf1df_6.0.19041.6456_none_60b8a6cb71f64256\COMCTL32.dll
0x00007fff21ca0000 - 0x00007fff21ccf000 	C:\windows\System32\IMM32.DLL
0x00007ffeef150000 - 0x00007ffeef251000 	C:\windows\system32\flhhlp.dll
0x00007fff1e970000 - 0x00007fff1e982000 	C:\windows\SYSTEM32\kernel.appcore.dll
0x00007fff219f0000 - 0x00007fff21a4b000 	C:\windows\System32\ShlWapi.DLL
0x00007fff1be80000 - 0x00007fff1be95000 	C:\Users\qi.yang\dev\corretto-extract\jdk1.8.0_482\jre\bin\vcruntime140.dll
0x00007fff158a0000 - 0x00007fff1593b000 	C:\Users\qi.yang\dev\corretto-extract\jdk1.8.0_482\jre\bin\msvcp140.dll
0x0000000069f60000 - 0x000000006a7bc000 	C:\Users\qi.yang\dev\corretto-extract\jdk1.8.0_482\jre\bin\server\jvm.dll
0x00007fff21b30000 - 0x00007fff21b38000 	C:\windows\System32\PSAPI.DLL
0x00007fff07550000 - 0x00007fff07559000 	C:\windows\SYSTEM32\WSOCK32.dll
0x00007fff22400000 - 0x00007fff2246b000 	C:\windows\System32\WS2_32.dll
0x00007fff10590000 - 0x00007fff105b7000 	C:\windows\SYSTEM32\WINMM.dll
0x00007fff18470000 - 0x00007fff1847a000 	C:\windows\SYSTEM32\VERSION.dll
0x00007fff1c100000 - 0x00007fff1c110000 	C:\Users\qi.yang\dev\corretto-extract\jdk1.8.0_482\jre\bin\verify.dll
0x00007fff1af50000 - 0x00007fff1af7b000 	C:\Users\qi.yang\dev\corretto-extract\jdk1.8.0_482\jre\bin\java.dll
0x00007fff1be60000 - 0x00007fff1be78000 	C:\Users\qi.yang\dev\corretto-extract\jdk1.8.0_482\jre\bin\zip.dll
0x00007fff22740000 - 0x00007fff22eb0000 	C:\windows\System32\SHELL32.dll
0x00007fff1eb90000 - 0x00007fff1f335000 	C:\windows\SYSTEM32\windows.storage.dll
0x00007fff23090000 - 0x00007fff233e4000 	C:\windows\System32\combase.dll
0x00007fff20730000 - 0x00007fff2075b000 	C:\windows\SYSTEM32\Wldp.dll
0x00007fff22140000 - 0x00007fff2220d000 	C:\windows\System32\OLEAUT32.dll
0x00007fff21a50000 - 0x00007fff21afd000 	C:\windows\System32\SHCORE.dll
0x00007fff20c30000 - 0x00007fff20c54000 	C:\windows\SYSTEM32\profapi.dll
0x00007fff19c50000 - 0x00007fff19c6c000 	C:\Users\qi.yang\dev\corretto-extract\jdk1.8.0_482\jre\bin\net.dll
0x00007fff20490000 - 0x00007fff204fa000 	C:\windows\system32\mswsock.dll
0x00007fff19a90000 - 0x00007fff19aa3000 	C:\Users\qi.yang\dev\corretto-extract\jdk1.8.0_482\jre\bin\nio.dll
0x00007fff12e70000 - 0x00007fff12e94000 	C:\Users\qi.yang\dev\apache-maven-3.9.14\lib\jansi-native\Windows\x86_64\jansi.dll
0x00007fff15720000 - 0x00007fff15744000 	C:\Users\qi.yang\dev\corretto-extract\jdk1.8.0_482\jre\bin\sunec.dll
0x00007fff20680000 - 0x00007fff20698000 	C:\windows\SYSTEM32\CRYPTSP.dll
0x00007fff1fd40000 - 0x00007fff1fd78000 	C:\windows\system32\rsaenh.dll
0x00007fff20bf0000 - 0x00007fff20c1e000 	C:\windows\SYSTEM32\USERENV.dll
0x00007fff210e0000 - 0x00007fff21162000 	C:\windows\System32\bcryptprimitives.dll
0x00007fff206a0000 - 0x00007fff206ac000 	C:\windows\SYSTEM32\CRYPTBASE.dll
0x00007fff20120000 - 0x00007fff2015b000 	C:\windows\SYSTEM32\IPHLPAPI.DLL
0x00007fff22f70000 - 0x00007fff22f78000 	C:\windows\System32\NSI.dll
0x00007fff1cb40000 - 0x00007fff1cb57000 	C:\windows\SYSTEM32\dhcpcsvc6.DLL
0x00007fff1caa0000 - 0x00007fff1cabd000 	C:\windows\SYSTEM32\dhcpcsvc.DLL
0x00007fff20160000 - 0x00007fff2022a000 	C:\windows\SYSTEM32\DNSAPI.dll
0x00007fff091d0000 - 0x00007fff0921b000 	C:\Program Files (x86)\Sangfor\SSL\ClientComponent\SangforNspX64.dll
0x00007fff222d0000 - 0x00007fff223fb000 	C:\windows\System32\ole32.dll
0x00007fff1bac0000 - 0x00007fff1baca000 	C:\Windows\System32\rasadhlp.dll
0x00007fff1cd10000 - 0x00007fff1cd90000 	C:\windows\System32\fwpuclnt.dll
0x00007fff19470000 - 0x00007fff1947e000 	C:\Users\qi.yang\dev\corretto-extract\jdk1.8.0_482\jre\bin\sunmscapi.dll
0x00007fff20f50000 - 0x00007fff210ad000 	C:\windows\System32\CRYPT32.dll
0x00007fff207a0000 - 0x00007fff207c7000 	C:\windows\SYSTEM32\ncrypt.dll
0x00007fff20760000 - 0x00007fff2079b000 	C:\windows\SYSTEM32\NTASN1.dll

VM Arguments:
jvm_args: -Dclassworlds.conf=C:\Users\qi.yang\dev\apache-maven-3.9.14\bin\m2.conf -Dmaven.home=C:\Users\qi.yang\dev\apache-maven-3.9.14 -Dlibrary.jansi.path=C:\Users\qi.yang\dev\apache-maven-3.9.14\lib\jansi-native -Dmaven.multiModuleProjectDirectory=C:\Users\qi.yang\ÂĂÓÎĐˇłĚĐňdemo\travel-demo\travel-backend 
java_command: org.codehaus.plexus.classworlds.launcher.Launcher spring-boot:run
java_class_path (initial): C:\Users\qi.yang\dev\apache-maven-3.9.14\boot\plexus-classworlds-2.9.0.jar
Launcher Type: SUN_STANDARD

Environment Variables:
JAVA_HOME=C:\Users\qi.yang\dev\corretto-extract\jdk1.8.0_482
PATH=C:\Program Files\Eclipse Adoptium\jdk-21.0.10.7-hotspot\bin;C:\Program Files\Eclipse Adoptium\jdk-17.0.18.8-hotspot\bin;C:\windows\system32;C:\windows;C:\windows\System32\Wbem;C:\windows\System32\WindowsPowerShell\v1.0\;C:\windows\System32\OpenSSH\;C:\Program Files\cursor\resources\app\bin;C:\Program Files\nodejs\;C:\Program Files\Git\cmd;C:\Program Files\Microsoft VS Code\bin;C:\Users\qi.yang\AppData\Local\Programs\Python\Python37\Scripts\;C:\Users\qi.yang\AppData\Local\Programs\Python\Python37\;C:\Users\qi.yang\AppData\Local\Programs\Python\Python310\Scripts;C:\Users\qi.yang\AppData\Local\Programs\Python\Python310;C:\Users\qi.yang\AppData\Local\Programs\Python\Python310\Scripts\;C:\Users\qi.yang\AppData\Local\Programs\Python\Python310\;C:\Users\qi.yang\dev\corretto-extract\jdk1.8.0_482\bin;C:\Users\qi.yang\dev\apache-maven-3.9.14\bin;C:\Users\qi.yang\AppData\Local\Microsoft\WindowsApps;C:\Users\qi.yang\AppData\Roaming\npm
USERNAME=qi.yang
OS=Windows_NT
PROCESSOR_IDENTIFIER=Intel64 Family 6 Model 186 Stepping 2, GenuineIntel



---------------  S Y S T E M  ---------------

OS: Windows 10 , 64 bit Build 19041 (10.0.19041.5915)

CPU:total 20 (initial active 20) (10 cores per cpu, 2 threads per core) family 6 model 186 stepping 2, cmov, cx8, fxsr, mmx, sse, sse2, sse3, ssse3, sse4.1, sse4.2, popcnt, avx, avx2, aes, clmul, erms, 3dnowpref, lzcnt, ht, tsc, tscinvbit, bmi1, bmi2, adx

Memory: 4k page, physical 16400700k(372796k free), swap 47265080k(0k free)

vm_info: OpenJDK 64-Bit Server VM (25.482-b08) for windows-amd64 JRE (1.8.0_482-b08), built on Jan 17 2026 00:50:04 by "Administrator" with MS VC++ 15.9 (VS2017)

time: Thu Apr 16 17:28:04 2026
timezone: Intel64 Family 6 Model 186 Stepping 2, GenuineIntel
elapsed time: 3.434524 seconds (0d 0h 0m 3s)

